#! /c/Source/iverilog-install/bin/vvp
:ivl_version "12.0 (devel)" "(s20150603-1539-g2693dd32b)";
:ivl_delay_selection "TYPICAL";
:vpi_time_precision + 0;
:vpi_module "C:\iverilog\lib\ivl\system.vpi";
:vpi_module "C:\iverilog\lib\ivl\vhdl_sys.vpi";
:vpi_module "C:\iverilog\lib\ivl\vhdl_textio.vpi";
:vpi_module "C:\iverilog\lib\ivl\v2005_math.vpi";
:vpi_module "C:\iverilog\lib\ivl\va_math.vpi";
S_0000023343122ce0 .scope module, "PB_Controller" "PB_Controller" 2 1;
 .timescale 0 0;
    .port_info 0 /INPUT 1 "clk";
    .port_info 1 /INPUT 1 "reset";
    .port_info 2 /INPUT 1 "push_button";
    .port_info 3 /INPUT 3 "switches";
    .port_info 4 /OUTPUT 3 "A_out";
    .port_info 5 /OUTPUT 3 "B_out";
    .port_info 6 /OUTPUT 3 "OP_out";
    .port_info 7 /OUTPUT 1 "start_op";
    .port_info 8 /OUTPUT 1 "LEDs_clear";
L_00000233431237a0 .functor NOT 1, v00000233431a3170_0, C4<0>, C4<0>, C4<0>;
o000002334315c118 .functor BUFZ 1, C4<z>; HiZ drive
L_0000023343123580 .functor AND 1, o000002334315c118, L_00000233431237a0, C4<1>, C4<1>;
v0000023343122e70_0 .var "A_out", 2 0;
v000002334310bce0_0 .var "B_out", 2 0;
v0000023343122f10_0 .var "LEDs_clear", 0 0;
v0000023343122fb0_0 .var "OP_out", 2 0;
v0000023343123050_0 .net *"_ivl_0", 0 0, L_00000233431237a0;  1 drivers
o000002334315c088 .functor BUFZ 1, C4<z>; HiZ drive
v00000233431a3030_0 .net "clk", 0 0, o000002334315c088;  0 drivers
v00000233431a30d0_0 .net "pb_edge", 0 0, L_0000023343123580;  1 drivers
v00000233431a3170_0 .var "pb_reg", 0 0;
v00000233431a3210_0 .net "push_button", 0 0, o000002334315c118;  0 drivers
o000002334315c148 .functor BUFZ 1, C4<z>; HiZ drive
v00000233431a32b0_0 .net "reset", 0 0, o000002334315c148;  0 drivers
v00000233431a3350_0 .var "start_op", 0 0;
v0000023343153d20_0 .var "state", 2 0;
o000002334315c1d8 .functor BUFZ 3, C4<zzz>; HiZ drive
v0000023343153f00_0 .net "switches", 2 0, o000002334315c1d8;  0 drivers
E_0000023343146d40 .event posedge, v00000233431a32b0_0, v00000233431a3030_0;
    .scope S_0000023343122ce0;
T_0 ;
    %wait E_0000023343146d40;
    %load/vec4 v00000233431a32b0_0;
    %flag_set/vec4 8;
    %jmp/0xz  T_0.0, 8;
    %pushi/vec4 0, 0, 3;
    %assign/vec4 v0000023343153d20_0, 0;
    %pushi/vec4 0, 0, 1;
    %assign/vec4 v00000233431a3170_0, 0;
    %pushi/vec4 0, 0, 3;
    %assign/vec4 v0000023343122e70_0, 0;
    %pushi/vec4 0, 0, 3;
    %assign/vec4 v000002334310bce0_0, 0;
    %pushi/vec4 0, 0, 3;
    %assign/vec4 v0000023343122fb0_0, 0;
    %pushi/vec4 0, 0, 1;
    %assign/vec4 v00000233431a3350_0, 0;
    %pushi/vec4 1, 0, 1;
    %assign/vec4 v0000023343122f10_0, 0;
    %jmp T_0.1;
T_0.0 ;
    %load/vec4 v00000233431a3210_0;
    %assign/vec4 v00000233431a3170_0, 0;
    %load/vec4 v00000233431a30d0_0;
    %flag_set/vec4 8;
    %jmp/0xz  T_0.2, 8;
    %load/vec4 v0000023343153d20_0;
    %dup/vec4;
    %pushi/vec4 0, 0, 3;
    %cmp/u;
    %jmp/1 T_0.4, 6;
    %dup/vec4;
    %pushi/vec4 1, 0, 3;
    %cmp/u;
    %jmp/1 T_0.5, 6;
    %dup/vec4;
    %pushi/vec4 2, 0, 3;
    %cmp/u;
    %jmp/1 T_0.6, 6;
    %dup/vec4;
    %pushi/vec4 3, 0, 3;
    %cmp/u;
    %jmp/1 T_0.7, 6;
    %dup/vec4;
    %pushi/vec4 4, 0, 3;
    %cmp/u;
    %jmp/1 T_0.8, 6;
    %dup/vec4;
    %pushi/vec4 5, 0, 3;
    %cmp/u;
    %jmp/1 T_0.9, 6;
    %pushi/vec4 0, 0, 3;
    %assign/vec4 v0000023343153d20_0, 0;
    %jmp T_0.11;
T_0.4 ;
    %pushi/vec4 0, 0, 3;
    %assign/vec4 v0000023343122e70_0, 0;
    %pushi/vec4 0, 0, 3;
    %assign/vec4 v000002334310bce0_0, 0;
    %pushi/vec4 0, 0, 3;
    %assign/vec4 v0000023343122fb0_0, 0;
    %pushi/vec4 1, 0, 1;
    %assign/vec4 v0000023343122f10_0, 0;
    %pushi/vec4 0, 0, 1;
    %assign/vec4 v00000233431a3350_0, 0;
    %pushi/vec4 1, 0, 3;
    %assign/vec4 v0000023343153d20_0, 0;
    %jmp T_0.11;
T_0.5 ;
    %load/vec4 v0000023343153f00_0;
    %assign/vec4 v0000023343122e70_0, 0;
    %pushi/vec4 0, 0, 1;
    %assign/vec4 v0000023343122f10_0, 0;
    %pushi/vec4 2, 0, 3;
    %assign/vec4 v0000023343153d20_0, 0;
    %jmp T_0.11;
T_0.6 ;
    %load/vec4 v0000023343153f00_0;
    %assign/vec4 v000002334310bce0_0, 0;
    %pushi/vec4 3, 0, 3;
    %assign/vec4 v0000023343153d20_0, 0;
    %jmp T_0.11;
T_0.7 ;
    %load/vec4 v0000023343153f00_0;
    %assign/vec4 v0000023343122fb0_0, 0;
    %pushi/vec4 4, 0, 3;
    %assign/vec4 v0000023343153d20_0, 0;
    %jmp T_0.11;
T_0.8 ;
    %pushi/vec4 1, 0, 1;
    %assign/vec4 v00000233431a3350_0, 0;
    %pushi/vec4 5, 0, 3;
    %assign/vec4 v0000023343153d20_0, 0;
    %jmp T_0.11;
T_0.9 ;
    %pushi/vec4 0, 0, 1;
    %assign/vec4 v00000233431a3350_0, 0;
    %pushi/vec4 0, 0, 3;
    %assign/vec4 v0000023343153d20_0, 0;
    %jmp T_0.11;
T_0.11 ;
    %pop/vec4 1;
    %jmp T_0.3;
T_0.2 ;
    %pushi/vec4 0, 0, 1;
    %assign/vec4 v00000233431a3350_0, 0;
    %load/vec4 v0000023343153d20_0;
    %cmpi/ne 0, 0, 3;
    %jmp/0xz  T_0.12, 4;
    %pushi/vec4 0, 0, 1;
    %assign/vec4 v0000023343122f10_0, 0;
T_0.12 ;
T_0.3 ;
T_0.1 ;
    %jmp T_0;
    .thread T_0;
# The file index is used to find the file name in the following table.
:file_names 3;
    "N/A";
    "<interactive>";
    "PB_controller.v";
