#! /c/Source/iverilog-install/bin/vvp
:ivl_version "12.0 (devel)" "(s20150603-1539-g2693dd32b)";
:ivl_delay_selection "TYPICAL";
:vpi_time_precision + 0;
:vpi_module "C:\iverilog\lib\ivl\system.vpi";
:vpi_module "C:\iverilog\lib\ivl\vhdl_sys.vpi";
:vpi_module "C:\iverilog\lib\ivl\vhdl_textio.vpi";
:vpi_module "C:\iverilog\lib\ivl\v2005_math.vpi";
:vpi_module "C:\iverilog\lib\ivl\va_math.vpi";
S_000001dfdbe47830 .scope module, "Sistema_ULA" "Sistema_ULA" 2 4;
 .timescale 0 0;
    .port_info 0 /INPUT 1 "clk";
    .port_info 1 /INPUT 1 "reset";
    .port_info 2 /INPUT 1 "push_button";
    .port_info 3 /INPUT 3 "switches";
    .port_info 4 /OUTPUT 6 "FINAL_RESULT";
    .port_info 5 /OUTPUT 1 "FINAL_LED_ZERO";
    .port_info 6 /OUTPUT 1 "FINAL_LED_NEG";
    .port_info 7 /OUTPUT 1 "FINAL_LED_OVERFLOW";
v000001dfdbe9b040_0 .net "A_w", 2 0, v000001dfdbe3a2d0_0;  1 drivers
v000001dfdbe9a960_0 .net "B_w", 2 0, v000001dfdbe03120_0;  1 drivers
v000001dfdbe9b400_0 .var "FINAL_LED_NEG", 0 0;
v000001dfdbe9afa0_0 .var "FINAL_LED_OVERFLOW", 0 0;
v000001dfdbe9ac80_0 .var "FINAL_LED_ZERO", 0 0;
v000001dfdbe9aa00_0 .var "FINAL_RESULT", 5 0;
v000001dfdbe9ab40_0 .net "OP_w", 2 0, v000001dfdbe3a410_0;  1 drivers
v000001dfdbe9b4a0_0 .net "clear_w", 0 0, v000001dfdbe3a370_0;  1 drivers
o000001dfdbe4d0a8 .functor BUFZ 1, C4<z>; HiZ drive
v000001dfdbe9ad20_0 .net "clk", 0 0, o000001dfdbe4d0a8;  0 drivers
v000001dfdbe9b2c0_0 .net "neg_w", 0 0, v000001dfdbe9b540_0;  1 drivers
v000001dfdbe9b680_0 .net "ovf_w", 0 0, v000001dfdbe9b0e0_0;  1 drivers
o000001dfdbe4d138 .functor BUFZ 1, C4<z>; HiZ drive
v000001dfdbe9abe0_0 .net "push_button", 0 0, o000001dfdbe4d138;  0 drivers
v000001dfdbe9e400_0 .net "res_w", 5 0, v000001dfdbe9b180_0;  1 drivers
o000001dfdbe4d168 .functor BUFZ 1, C4<z>; HiZ drive
v000001dfdbe9eb80_0 .net "reset", 0 0, o000001dfdbe4d168;  0 drivers
v000001dfdbe9d1e0_0 .net "start_w", 0 0, v000001dfdbe9a8c0_0;  1 drivers
o000001dfdbe4d1f8 .functor BUFZ 3, C4<zzz>; HiZ drive
v000001dfdbe9db40_0 .net "switches", 2 0, o000001dfdbe4d1f8;  0 drivers
v000001dfdbe9e220_0 .net "zero_w", 0 0, v000001dfdbe9aaa0_0;  1 drivers
S_000001dfdbe479c0 .scope module, "ctrl" "PB_Controller" 2 16, 3 1 0, S_000001dfdbe47830;
 .timescale 0 0;
    .port_info 0 /INPUT 1 "clk";
    .port_info 1 /INPUT 1 "reset";
    .port_info 2 /INPUT 1 "push_button";
    .port_info 3 /INPUT 3 "switches";
    .port_info 4 /OUTPUT 3 "A_out";
    .port_info 5 /OUTPUT 3 "B_out";
    .port_info 6 /OUTPUT 3 "OP_out";
    .port_info 7 /OUTPUT 1 "start_op";
    .port_info 8 /OUTPUT 1 "LEDs_clear";
L_000001dfdbe28a30 .functor NOT 1, v000001dfdbe3a690_0, C4<0>, C4<0>, C4<0>;
L_000001dfdbe28090 .functor AND 1, o000001dfdbe4d138, L_000001dfdbe28a30, C4<1>, C4<1>;
v000001dfdbe3a2d0_0 .var "A_out", 2 0;
v000001dfdbe03120_0 .var "B_out", 2 0;
v000001dfdbe3a370_0 .var "LEDs_clear", 0 0;
v000001dfdbe3a410_0 .var "OP_out", 2 0;
v000001dfdbe3a4b0_0 .net *"_ivl_0", 0 0, L_000001dfdbe28a30;  1 drivers
v000001dfdbe3a550_0 .net "clk", 0 0, o000001dfdbe4d0a8;  alias, 0 drivers
v000001dfdbe3a5f0_0 .net "pb_edge", 0 0, L_000001dfdbe28090;  1 drivers
v000001dfdbe3a690_0 .var "pb_reg", 0 0;
v000001dfdbe9b5e0_0 .net "push_button", 0 0, o000001dfdbe4d138;  alias, 0 drivers
v000001dfdbe9b720_0 .net "reset", 0 0, o000001dfdbe4d168;  alias, 0 drivers
v000001dfdbe9a8c0_0 .var "start_op", 0 0;
v000001dfdbe9b220_0 .var "state", 2 0;
v000001dfdbe9adc0_0 .net "switches", 2 0, o000001dfdbe4d1f8;  alias, 0 drivers
E_000001dfdbe2dc80 .event posedge, v000001dfdbe9b720_0, v000001dfdbe3a550_0;
S_000001dfdbe34050 .scope module, "ula" "ULA_3BIT" 2 22, 4 1 0, S_000001dfdbe47830;
 .timescale 0 0;
    .port_info 0 /INPUT 3 "A";
    .port_info 1 /INPUT 3 "B";
    .port_info 2 /INPUT 3 "OP";
    .port_info 3 /OUTPUT 6 "RESULT";
    .port_info 4 /OUTPUT 1 "LED_ZERO";
    .port_info 5 /OUTPUT 1 "LED_NEG";
    .port_info 6 /OUTPUT 1 "LED_OVERFLOW";
v000001dfdbe9b360_0 .net "A", 2 0, v000001dfdbe3a2d0_0;  alias, 1 drivers
v000001dfdbe9b7c0_0 .net "B", 2 0, v000001dfdbe03120_0;  alias, 1 drivers
v000001dfdbe9b540_0 .var "LED_NEG", 0 0;
v000001dfdbe9b0e0_0 .var "LED_OVERFLOW", 0 0;
v000001dfdbe9aaa0_0 .var "LED_ZERO", 0 0;
v000001dfdbe9ae60_0 .net "OP", 2 0, v000001dfdbe3a410_0;  alias, 1 drivers
v000001dfdbe9b180_0 .var "RESULT", 5 0;
v000001dfdbe9af00_0 .var "res_temp", 5 0;
E_000001dfdbe2e280 .event anyedge, v000001dfdbe3a410_0, v000001dfdbe3a2d0_0, v000001dfdbe03120_0, v000001dfdbe9af00_0;
    .scope S_000001dfdbe479c0;
T_0 ;
    %wait E_000001dfdbe2dc80;
    %load/vec4 v000001dfdbe9b720_0;
    %flag_set/vec4 8;
    %jmp/0xz  T_0.0, 8;
    %pushi/vec4 0, 0, 3;
    %assign/vec4 v000001dfdbe9b220_0, 0;
    %pushi/vec4 0, 0, 1;
    %assign/vec4 v000001dfdbe3a690_0, 0;
    %pushi/vec4 0, 0, 3;
    %assign/vec4 v000001dfdbe3a2d0_0, 0;
    %pushi/vec4 0, 0, 3;
    %assign/vec4 v000001dfdbe03120_0, 0;
    %pushi/vec4 0, 0, 3;
    %assign/vec4 v000001dfdbe3a410_0, 0;
    %pushi/vec4 0, 0, 1;
    %assign/vec4 v000001dfdbe9a8c0_0, 0;
    %pushi/vec4 1, 0, 1;
    %assign/vec4 v000001dfdbe3a370_0, 0;
    %jmp T_0.1;
T_0.0 ;
    %load/vec4 v000001dfdbe9b5e0_0;
    %assign/vec4 v000001dfdbe3a690_0, 0;
    %load/vec4 v000001dfdbe3a5f0_0;
    %flag_set/vec4 8;
    %jmp/0xz  T_0.2, 8;
    %load/vec4 v000001dfdbe9b220_0;
    %dup/vec4;
    %pushi/vec4 0, 0, 3;
    %cmp/u;
    %jmp/1 T_0.4, 6;
    %dup/vec4;
    %pushi/vec4 1, 0, 3;
    %cmp/u;
    %jmp/1 T_0.5, 6;
    %dup/vec4;
    %pushi/vec4 2, 0, 3;
    %cmp/u;
    %jmp/1 T_0.6, 6;
    %dup/vec4;
    %pushi/vec4 3, 0, 3;
    %cmp/u;
    %jmp/1 T_0.7, 6;
    %dup/vec4;
    %pushi/vec4 4, 0, 3;
    %cmp/u;
    %jmp/1 T_0.8, 6;
    %dup/vec4;
    %pushi/vec4 5, 0, 3;
    %cmp/u;
    %jmp/1 T_0.9, 6;
    %pushi/vec4 0, 0, 3;
    %assign/vec4 v000001dfdbe9b220_0, 0;
    %jmp T_0.11;
T_0.4 ;
    %pushi/vec4 0, 0, 3;
    %assign/vec4 v000001dfdbe3a2d0_0, 0;
    %pushi/vec4 0, 0, 3;
    %assign/vec4 v000001dfdbe03120_0, 0;
    %pushi/vec4 0, 0, 3;
    %assign/vec4 v000001dfdbe3a410_0, 0;
    %pushi/vec4 1, 0, 1;
    %assign/vec4 v000001dfdbe3a370_0, 0;
    %pushi/vec4 0, 0, 1;
    %assign/vec4 v000001dfdbe9a8c0_0, 0;
    %pushi/vec4 1, 0, 3;
    %assign/vec4 v000001dfdbe9b220_0, 0;
    %jmp T_0.11;
T_0.5 ;
    %load/vec4 v000001dfdbe9adc0_0;
    %assign/vec4 v000001dfdbe3a2d0_0, 0;
    %pushi/vec4 0, 0, 1;
    %assign/vec4 v000001dfdbe3a370_0, 0;
    %pushi/vec4 2, 0, 3;
    %assign/vec4 v000001dfdbe9b220_0, 0;
    %jmp T_0.11;
T_0.6 ;
    %load/vec4 v000001dfdbe9adc0_0;
    %assign/vec4 v000001dfdbe03120_0, 0;
    %pushi/vec4 3, 0, 3;
    %assign/vec4 v000001dfdbe9b220_0, 0;
    %jmp T_0.11;
T_0.7 ;
    %load/vec4 v000001dfdbe9adc0_0;
    %assign/vec4 v000001dfdbe3a410_0, 0;
    %pushi/vec4 4, 0, 3;
    %assign/vec4 v000001dfdbe9b220_0, 0;
    %jmp T_0.11;
T_0.8 ;
    %pushi/vec4 1, 0, 1;
    %assign/vec4 v000001dfdbe9a8c0_0, 0;
    %pushi/vec4 5, 0, 3;
    %assign/vec4 v000001dfdbe9b220_0, 0;
    %jmp T_0.11;
T_0.9 ;
    %pushi/vec4 0, 0, 1;
    %assign/vec4 v000001dfdbe9a8c0_0, 0;
    %pushi/vec4 0, 0, 3;
    %assign/vec4 v000001dfdbe9b220_0, 0;
    %jmp T_0.11;
T_0.11 ;
    %pop/vec4 1;
    %jmp T_0.3;
T_0.2 ;
    %pushi/vec4 0, 0, 1;
    %assign/vec4 v000001dfdbe9a8c0_0, 0;
    %load/vec4 v000001dfdbe9b220_0;
    %cmpi/ne 0, 0, 3;
    %jmp/0xz  T_0.12, 4;
    %pushi/vec4 0, 0, 1;
    %assign/vec4 v000001dfdbe3a370_0, 0;
T_0.12 ;
T_0.3 ;
T_0.1 ;
    %jmp T_0;
    .thread T_0;
    .scope S_000001dfdbe34050;
T_1 ;
    %wait E_000001dfdbe2e280;
    %pushi/vec4 0, 0, 6;
    %store/vec4 v000001dfdbe9af00_0, 0, 6;
    %pushi/vec4 0, 0, 1;
    %store/vec4 v000001dfdbe9b0e0_0, 0, 1;
    %pushi/vec4 0, 0, 1;
    %store/vec4 v000001dfdbe9b540_0, 0, 1;
    %load/vec4 v000001dfdbe9ae60_0;
    %dup/vec4;
    %pushi/vec4 0, 0, 3;
    %cmp/u;
    %jmp/1 T_1.0, 6;
    %dup/vec4;
    %pushi/vec4 1, 0, 3;
    %cmp/u;
    %jmp/1 T_1.1, 6;
    %dup/vec4;
    %pushi/vec4 2, 0, 3;
    %cmp/u;
    %jmp/1 T_1.2, 6;
    %dup/vec4;
    %pushi/vec4 3, 0, 3;
    %cmp/u;
    %jmp/1 T_1.3, 6;
    %dup/vec4;
    %pushi/vec4 4, 0, 3;
    %cmp/u;
    %jmp/1 T_1.4, 6;
    %dup/vec4;
    %pushi/vec4 5, 0, 3;
    %cmp/u;
    %jmp/1 T_1.5, 6;
    %dup/vec4;
    %pushi/vec4 6, 0, 3;
    %cmp/u;
    %jmp/1 T_1.6, 6;
    %dup/vec4;
    %pushi/vec4 7, 0, 3;
    %cmp/u;
    %jmp/1 T_1.7, 6;
    %pushi/vec4 0, 0, 6;
    %store/vec4 v000001dfdbe9af00_0, 0, 6;
    %jmp T_1.9;
T_1.0 ;
    %load/vec4 v000001dfdbe9b360_0;
    %pad/u 6;
    %load/vec4 v000001dfdbe9b7c0_0;
    %pad/u 6;
    %add;
    %store/vec4 v000001dfdbe9af00_0, 0, 6;
    %load/vec4 v000001dfdbe9af00_0;
    %parti/s 1, 3, 3;
    %store/vec4 v000001dfdbe9b0e0_0, 0, 1;
    %load/vec4 v000001dfdbe9af00_0;
    %parti/s 1, 2, 3;
    %store/vec4 v000001dfdbe9b540_0, 0, 1;
    %jmp T_1.9;
T_1.1 ;
    %load/vec4 v000001dfdbe9b360_0;
    %pad/u 6;
    %load/vec4 v000001dfdbe9b7c0_0;
    %pad/u 6;
    %sub;
    %store/vec4 v000001dfdbe9af00_0, 0, 6;
    %load/vec4 v000001dfdbe9b360_0;
    %load/vec4 v000001dfdbe9b7c0_0;
    %cmp/u;
    %jmp/0xz  T_1.10, 5;
    %pushi/vec4 1, 0, 1;
    %store/vec4 v000001dfdbe9b540_0, 0, 1;
T_1.10 ;
    %jmp T_1.9;
T_1.2 ;
    %load/vec4 v000001dfdbe9b360_0;
    %pad/u 6;
    %load/vec4 v000001dfdbe9b7c0_0;
    %pad/u 6;
    %mul;
    %store/vec4 v000001dfdbe9af00_0, 0, 6;
    %jmp T_1.9;
T_1.3 ;
    %load/vec4 v000001dfdbe9b7c0_0;
    %cmpi/e 0, 0, 3;
    %jmp/0xz  T_1.12, 4;
    %pushi/vec4 0, 0, 6;
    %store/vec4 v000001dfdbe9af00_0, 0, 6;
    %pushi/vec4 1, 0, 1;
    %store/vec4 v000001dfdbe9b0e0_0, 0, 1;
    %jmp T_1.13;
T_1.12 ;
    %load/vec4 v000001dfdbe9b360_0;
    %pad/u 6;
    %load/vec4 v000001dfdbe9b7c0_0;
    %pad/u 6;
    %div;
    %store/vec4 v000001dfdbe9af00_0, 0, 6;
T_1.13 ;
    %jmp T_1.9;
T_1.4 ;
    %pushi/vec4 0, 0, 3;
    %load/vec4 v000001dfdbe9b360_0;
    %load/vec4 v000001dfdbe9b7c0_0;
    %and;
    %concat/vec4; draw_concat_vec4
    %store/vec4 v000001dfdbe9af00_0, 0, 6;
    %jmp T_1.9;
T_1.5 ;
    %pushi/vec4 0, 0, 3;
    %load/vec4 v000001dfdbe9b360_0;
    %load/vec4 v000001dfdbe9b7c0_0;
    %or;
    %concat/vec4; draw_concat_vec4
    %store/vec4 v000001dfdbe9af00_0, 0, 6;
    %jmp T_1.9;
T_1.6 ;
    %pushi/vec4 0, 0, 3;
    %load/vec4 v000001dfdbe9b360_0;
    %load/vec4 v000001dfdbe9b7c0_0;
    %xor;
    %concat/vec4; draw_concat_vec4
    %store/vec4 v000001dfdbe9af00_0, 0, 6;
    %jmp T_1.9;
T_1.7 ;
    %pushi/vec4 0, 0, 6;
    %store/vec4 v000001dfdbe9af00_0, 0, 6;
    %jmp T_1.9;
T_1.9 ;
    %pop/vec4 1;
    %load/vec4 v000001dfdbe9af00_0;
    %store/vec4 v000001dfdbe9b180_0, 0, 6;
    %load/vec4 v000001dfdbe9af00_0;
    %pushi/vec4 0, 0, 6;
    %cmp/e;
    %flag_get/vec4 4;
    %store/vec4 v000001dfdbe9aaa0_0, 0, 1;
    %jmp T_1;
    .thread T_1, $push;
    .scope S_000001dfdbe47830;
T_2 ;
    %wait E_000001dfdbe2dc80;
    %load/vec4 v000001dfdbe9eb80_0;
    %flag_set/vec4 8;
    %jmp/1 T_2.2, 8;
    %load/vec4 v000001dfdbe9b4a0_0;
    %flag_set/vec4 9;
    %flag_or 8, 9;
T_2.2;
    %jmp/0xz  T_2.0, 8;
    %pushi/vec4 0, 0, 6;
    %assign/vec4 v000001dfdbe9aa00_0, 0;
    %pushi/vec4 0, 0, 3;
    %split/vec4 1;
    %assign/vec4 v000001dfdbe9afa0_0, 0;
    %split/vec4 1;
    %assign/vec4 v000001dfdbe9b400_0, 0;
    %assign/vec4 v000001dfdbe9ac80_0, 0;
    %jmp T_2.1;
T_2.0 ;
    %load/vec4 v000001dfdbe9d1e0_0;
    %flag_set/vec4 8;
    %jmp/0xz  T_2.3, 8;
    %load/vec4 v000001dfdbe9e400_0;
    %assign/vec4 v000001dfdbe9aa00_0, 0;
    %load/vec4 v000001dfdbe9e220_0;
    %assign/vec4 v000001dfdbe9ac80_0, 0;
    %load/vec4 v000001dfdbe9b2c0_0;
    %assign/vec4 v000001dfdbe9b400_0, 0;
    %load/vec4 v000001dfdbe9b680_0;
    %assign/vec4 v000001dfdbe9afa0_0, 0;
T_2.3 ;
T_2.1 ;
    %jmp T_2;
    .thread T_2;
# The file index is used to find the file name in the following table.
:file_names 5;
    "N/A";
    "<interactive>";
    "sistema_ula.v";
    "./PB_controller.v";
    "./ula_3bit.v";
