#! /c/Source/iverilog-install/bin/vvp
:ivl_version "12.0 (devel)" "(s20150603-1539-g2693dd32b)";
:ivl_delay_selection "TYPICAL";
:vpi_time_precision + 0;
:vpi_module "C:\iverilog\lib\ivl\system.vpi";
:vpi_module "C:\iverilog\lib\ivl\vhdl_sys.vpi";
:vpi_module "C:\iverilog\lib\ivl\vhdl_textio.vpi";
:vpi_module "C:\iverilog\lib\ivl\v2005_math.vpi";
:vpi_module "C:\iverilog\lib\ivl\va_math.vpi";
S_00000294c70b2df0 .scope module, "ULA_3BIT" "ULA_3BIT" 2 1;
 .timescale 0 0;
    .port_info 0 /INPUT 3 "A";
    .port_info 1 /INPUT 3 "B";
    .port_info 2 /INPUT 3 "OP";
    .port_info 3 /OUTPUT 6 "RESULT";
    .port_info 4 /OUTPUT 1 "LED_ZERO";
    .port_info 5 /OUTPUT 1 "LED_NEG";
    .port_info 6 /OUTPUT 1 "LED_OVERFLOW";
o00000294c70eafd8 .functor BUFZ 3, C4<zzz>; HiZ drive
v00000294c70b34b0_0 .net "A", 2 0, o00000294c70eafd8;  0 drivers
o00000294c70eb008 .functor BUFZ 3, C4<zzz>; HiZ drive
v00000294c70b2f80_0 .net "B", 2 0, o00000294c70eb008;  0 drivers
v00000294c70b3020_0 .var "LED_NEG", 0 0;
v00000294c70b30c0_0 .var "LED_OVERFLOW", 0 0;
v00000294c712f840_0 .var "LED_ZERO", 0 0;
o00000294c70eb0c8 .functor BUFZ 3, C4<zzz>; HiZ drive
v00000294c712f8e0_0 .net "OP", 2 0, o00000294c70eb0c8;  0 drivers
v00000294c712f980_0 .var "RESULT", 5 0;
v00000294c712fa20_0 .var "res_temp", 5 0;
E_00000294c70e9f40 .event anyedge, v00000294c712f8e0_0, v00000294c70b34b0_0, v00000294c70b2f80_0, v00000294c712fa20_0;
    .scope S_00000294c70b2df0;
T_0 ;
    %wait E_00000294c70e9f40;
    %pushi/vec4 0, 0, 6;
    %store/vec4 v00000294c712fa20_0, 0, 6;
    %pushi/vec4 0, 0, 1;
    %store/vec4 v00000294c70b30c0_0, 0, 1;
    %pushi/vec4 0, 0, 1;
    %store/vec4 v00000294c70b3020_0, 0, 1;
    %load/vec4 v00000294c712f8e0_0;
    %dup/vec4;
    %pushi/vec4 0, 0, 3;
    %cmp/u;
    %jmp/1 T_0.0, 6;
    %dup/vec4;
    %pushi/vec4 1, 0, 3;
    %cmp/u;
    %jmp/1 T_0.1, 6;
    %dup/vec4;
    %pushi/vec4 2, 0, 3;
    %cmp/u;
    %jmp/1 T_0.2, 6;
    %dup/vec4;
    %pushi/vec4 3, 0, 3;
    %cmp/u;
    %jmp/1 T_0.3, 6;
    %dup/vec4;
    %pushi/vec4 4, 0, 3;
    %cmp/u;
    %jmp/1 T_0.4, 6;
    %dup/vec4;
    %pushi/vec4 5, 0, 3;
    %cmp/u;
    %jmp/1 T_0.5, 6;
    %dup/vec4;
    %pushi/vec4 6, 0, 3;
    %cmp/u;
    %jmp/1 T_0.6, 6;
    %dup/vec4;
    %pushi/vec4 7, 0, 3;
    %cmp/u;
    %jmp/1 T_0.7, 6;
    %pushi/vec4 0, 0, 6;
    %store/vec4 v00000294c712fa20_0, 0, 6;
    %jmp T_0.9;
T_0.0 ;
    %load/vec4 v00000294c70b34b0_0;
    %pad/u 6;
    %load/vec4 v00000294c70b2f80_0;
    %pad/u 6;
    %add;
    %store/vec4 v00000294c712fa20_0, 0, 6;
    %load/vec4 v00000294c712fa20_0;
    %parti/s 1, 3, 3;
    %store/vec4 v00000294c70b30c0_0, 0, 1;
    %load/vec4 v00000294c712fa20_0;
    %parti/s 1, 2, 3;
    %store/vec4 v00000294c70b3020_0, 0, 1;
    %jmp T_0.9;
T_0.1 ;
    %load/vec4 v00000294c70b34b0_0;
    %pad/u 6;
    %load/vec4 v00000294c70b2f80_0;
    %pad/u 6;
    %sub;
    %store/vec4 v00000294c712fa20_0, 0, 6;
    %load/vec4 v00000294c70b34b0_0;
    %load/vec4 v00000294c70b2f80_0;
    %cmp/u;
    %jmp/0xz  T_0.10, 5;
    %pushi/vec4 1, 0, 1;
    %store/vec4 v00000294c70b3020_0, 0, 1;
T_0.10 ;
    %jmp T_0.9;
T_0.2 ;
    %load/vec4 v00000294c70b34b0_0;
    %pad/u 6;
    %load/vec4 v00000294c70b2f80_0;
    %pad/u 6;
    %mul;
    %store/vec4 v00000294c712fa20_0, 0, 6;
    %jmp T_0.9;
T_0.3 ;
    %load/vec4 v00000294c70b2f80_0;
    %cmpi/e 0, 0, 3;
    %jmp/0xz  T_0.12, 4;
    %pushi/vec4 0, 0, 6;
    %store/vec4 v00000294c712fa20_0, 0, 6;
    %pushi/vec4 1, 0, 1;
    %store/vec4 v00000294c70b30c0_0, 0, 1;
    %jmp T_0.13;
T_0.12 ;
    %load/vec4 v00000294c70b34b0_0;
    %pad/u 6;
    %load/vec4 v00000294c70b2f80_0;
    %pad/u 6;
    %div;
    %store/vec4 v00000294c712fa20_0, 0, 6;
T_0.13 ;
    %jmp T_0.9;
T_0.4 ;
    %pushi/vec4 0, 0, 3;
    %load/vec4 v00000294c70b34b0_0;
    %load/vec4 v00000294c70b2f80_0;
    %and;
    %concat/vec4; draw_concat_vec4
    %store/vec4 v00000294c712fa20_0, 0, 6;
    %jmp T_0.9;
T_0.5 ;
    %pushi/vec4 0, 0, 3;
    %load/vec4 v00000294c70b34b0_0;
    %load/vec4 v00000294c70b2f80_0;
    %or;
    %concat/vec4; draw_concat_vec4
    %store/vec4 v00000294c712fa20_0, 0, 6;
    %jmp T_0.9;
T_0.6 ;
    %pushi/vec4 0, 0, 3;
    %load/vec4 v00000294c70b34b0_0;
    %load/vec4 v00000294c70b2f80_0;
    %xor;
    %concat/vec4; draw_concat_vec4
    %store/vec4 v00000294c712fa20_0, 0, 6;
    %jmp T_0.9;
T_0.7 ;
    %pushi/vec4 0, 0, 6;
    %store/vec4 v00000294c712fa20_0, 0, 6;
    %jmp T_0.9;
T_0.9 ;
    %pop/vec4 1;
    %load/vec4 v00000294c712fa20_0;
    %store/vec4 v00000294c712f980_0, 0, 6;
    %load/vec4 v00000294c712fa20_0;
    %pushi/vec4 0, 0, 6;
    %cmp/e;
    %flag_get/vec4 4;
    %store/vec4 v00000294c712f840_0, 0, 1;
    %jmp T_0;
    .thread T_0, $push;
# The file index is used to find the file name in the following table.
:file_names 3;
    "N/A";
    "<interactive>";
    "ula_3bit.v";
