#! /c/Source/iverilog-install/bin/vvp
:ivl_version "12.0 (devel)" "(s20150603-1539-g2693dd32b)";
:ivl_delay_selection "TYPICAL";
:vpi_time_precision - 11;
:vpi_module "C:\iverilog\lib\ivl\system.vpi";
:vpi_module "C:\iverilog\lib\ivl\vhdl_sys.vpi";
:vpi_module "C:\iverilog\lib\ivl\vhdl_textio.vpi";
:vpi_module "C:\iverilog\lib\ivl\v2005_math.vpi";
:vpi_module "C:\iverilog\lib\ivl\va_math.vpi";
S_00000210847b8c10 .scope module, "tb_cronometro" "tb_cronometro" 2 5;
 .timescale -9 -11;
P_000002108454a170 .param/l "CLK_PERIOD" 0 2 20, +C4<00000000000000000000000000010100>;
v0000021084805030_0 .var "clk", 0 0;
v00000210848050d0_0 .var "play_pause", 0 0;
v0000021084805170_0 .net "q", 9 0, v000002108454d320_0;  1 drivers
v0000021084805210_0 .var "rst_n", 0 0;
v00000210848052b0_0 .net "tick_1s", 0 0, v00000210847b8f30_0;  1 drivers
S_00000210847b8da0 .scope module, "DUT" "cron" 2 24, 3 3 0, S_00000210847b8c10;
 .timescale 0 0;
    .port_info 0 /INPUT 1 "clk";
    .port_info 1 /INPUT 1 "rst_n";
    .port_info 2 /INPUT 1 "play_pause";
    .port_info 3 /OUTPUT 10 "q";
    .port_info 4 /OUTPUT 1 "tick_1s";
v00000210847b8fd0_0 .net "clk", 0 0, v0000021084805030_0;  1 drivers
v000002108454d280_0 .net "play_pause", 0 0, v00000210848050d0_0;  1 drivers
v000002108454d320_0 .var "q", 9 0;
v000002108454d3c0_0 .net "rst_n", 0 0, v0000021084805210_0;  1 drivers
v000002108454d460_0 .net "tick_1s", 0 0, v00000210847b8f30_0;  alias, 1 drivers
S_000002108454d0f0 .scope module, "div_inst" "divisor_1hz" 3 14, 4 1 0, S_00000210847b8da0;
 .timescale 0 0;
    .port_info 0 /INPUT 1 "clk";
    .port_info 1 /INPUT 1 "rst_n";
    .port_info 2 /OUTPUT 1 "tick";
P_000002108454a8f0 .param/l "FREQ_CLK" 0 4 8, +C4<00000000000000000000000000000101>;
v00000210847835e0_0 .net "clk", 0 0, v0000021084805030_0;  alias, 1 drivers
v000002108454b230_0 .var "contagem", 25 0;
v000002108454b2d0_0 .net "rst_n", 0 0, v0000021084805210_0;  alias, 1 drivers
v00000210847b8f30_0 .var "tick", 0 0;
E_000002108454a9b0/0 .event negedge, v000002108454b2d0_0;
E_000002108454a9b0/1 .event posedge, v00000210847835e0_0;
E_000002108454a9b0 .event/or E_000002108454a9b0/0, E_000002108454a9b0/1;
    .scope S_000002108454d0f0;
T_0 ;
    %wait E_000002108454a9b0;
    %load/vec4 v000002108454b2d0_0;
    %cmpi/e 0, 0, 1;
    %jmp/0xz  T_0.0, 4;
    %pushi/vec4 0, 0, 26;
    %assign/vec4 v000002108454b230_0, 0;
    %pushi/vec4 0, 0, 1;
    %assign/vec4 v00000210847b8f30_0, 0;
    %jmp T_0.1;
T_0.0 ;
    %load/vec4 v000002108454b230_0;
    %pad/u 32;
    %cmpi/e 4, 0, 32;
    %jmp/0xz  T_0.2, 4;
    %pushi/vec4 0, 0, 26;
    %assign/vec4 v000002108454b230_0, 0;
    %pushi/vec4 1, 0, 1;
    %assign/vec4 v00000210847b8f30_0, 0;
    %jmp T_0.3;
T_0.2 ;
    %load/vec4 v000002108454b230_0;
    %addi 1, 0, 26;
    %assign/vec4 v000002108454b230_0, 0;
    %pushi/vec4 0, 0, 1;
    %assign/vec4 v00000210847b8f30_0, 0;
T_0.3 ;
T_0.1 ;
    %jmp T_0;
    .thread T_0;
    .scope S_00000210847b8da0;
T_1 ;
    %wait E_000002108454a9b0;
    %load/vec4 v000002108454d3c0_0;
    %cmpi/e 0, 0, 1;
    %jmp/0xz  T_1.0, 4;
    %pushi/vec4 0, 0, 10;
    %assign/vec4 v000002108454d320_0, 0;
    %jmp T_1.1;
T_1.0 ;
    %load/vec4 v000002108454d280_0;
    %cmpi/e 1, 0, 1;
    %flag_get/vec4 4;
    %jmp/0 T_1.4, 4;
    %load/vec4 v000002108454d460_0;
    %pushi/vec4 1, 0, 1;
    %cmp/e;
    %flag_get/vec4 4;
    %and;
T_1.4;
    %flag_set/vec4 8;
    %jmp/0xz  T_1.2, 8;
    %load/vec4 v000002108454d320_0;
    %cmpi/u 999, 0, 10;
    %flag_inv 5; GE is !LT
    %jmp/0xz  T_1.5, 5;
    %pushi/vec4 0, 0, 10;
    %assign/vec4 v000002108454d320_0, 0;
    %jmp T_1.6;
T_1.5 ;
    %load/vec4 v000002108454d320_0;
    %addi 1, 0, 10;
    %assign/vec4 v000002108454d320_0, 0;
T_1.6 ;
T_1.2 ;
T_1.1 ;
    %jmp T_1;
    .thread T_1;
    .scope S_00000210847b8c10;
T_2 ;
    %delay 1000, 0;
    %load/vec4 v0000021084805030_0;
    %inv;
    %store/vec4 v0000021084805030_0, 0, 1;
    %jmp T_2;
    .thread T_2;
    .scope S_00000210847b8c10;
T_3 ;
    %vpi_call 2 38 "$dumpfile", "cron.vcd" {0 0 0};
    %vpi_call 2 40 "$dumpvars", 32'sb00000000000000000000000000000000, S_00000210847b8c10 {0 0 0};
    %end;
    .thread T_3;
    .scope S_00000210847b8c10;
T_4 ;
    %pushi/vec4 0, 0, 1;
    %store/vec4 v0000021084805030_0, 0, 1;
    %pushi/vec4 0, 0, 1;
    %store/vec4 v0000021084805210_0, 0, 1;
    %pushi/vec4 0, 0, 1;
    %store/vec4 v00000210848050d0_0, 0, 1;
    %delay 10000, 0;
    %pushi/vec4 1, 0, 1;
    %store/vec4 v00000210848050d0_0, 0, 1;
    %delay 10000, 0;
    %pushi/vec4 0, 0, 1;
    %store/vec4 v0000021084805210_0, 0, 1;
    %delay 5000, 0;
    %pushi/vec4 1, 0, 1;
    %store/vec4 v0000021084805210_0, 0, 1;
    %pushi/vec4 1, 0, 1;
    %store/vec4 v00000210848050d0_0, 0, 1;
    %delay 10000, 0;
    %delay 1000000000, 0;
    %pushi/vec4 0, 0, 1;
    %store/vec4 v00000210848050d0_0, 0, 1;
    %delay 100000, 0;
    %vpi_call 2 75 "$finish" {0 0 0};
    %end;
    .thread T_4;
# The file index is used to find the file name in the following table.
:file_names 5;
    "N/A";
    "<interactive>";
    "tb_cronometro.v";
    "./cron.v";
    "./divisor_1hz.v";
