#! /c/Source/iverilog-install/bin/vvp
:ivl_version "12.0 (devel)" "(s20150603-1539-g2693dd32b)";
:ivl_delay_selection "TYPICAL";
:vpi_time_precision - 9;
:vpi_module "C:\iverilog\lib\ivl\system.vpi";
:vpi_module "C:\iverilog\lib\ivl\vhdl_sys.vpi";
:vpi_module "C:\iverilog\lib\ivl\vhdl_textio.vpi";
:vpi_module "C:\iverilog\lib\ivl\v2005_math.vpi";
:vpi_module "C:\iverilog\lib\ivl\va_math.vpi";
S_000001f0cb4bb990 .scope module, "contador_hex_tb" "contador_hex_tb" 2 5;
 .timescale -9 -9;
v000001f0cb4bc840_0 .var "clk", 0 0;
v000001f0cb632d20_0 .var "dir", 0 0;
v000001f0cb632dc0_0 .net "q", 3 0, v000001f0cb4bc700_0;  1 drivers
v000001f0cb632e60_0 .var "rst_n", 0 0;
S_000001f0cb4bc4d0 .scope module, "DUT" "contador_hex" 2 14, 3 2 0, S_000001f0cb4bb990;
 .timescale 0 0;
    .port_info 0 /INPUT 1 "clk";
    .port_info 1 /INPUT 1 "rst_n";
    .port_info 2 /INPUT 1 "dir";
    .port_info 3 /OUTPUT 4 "q";
v000001f0cb6333a0_0 .net "clk", 0 0, v000001f0cb4bc840_0;  1 drivers
v000001f0cb4bc660_0 .net "dir", 0 0, v000001f0cb632d20_0;  1 drivers
v000001f0cb4bc700_0 .var "q", 3 0;
v000001f0cb4bc7a0_0 .net "rst_n", 0 0, v000001f0cb632e60_0;  1 drivers
E_000001f0cb4b8fb0/0 .event negedge, v000001f0cb4bc7a0_0;
E_000001f0cb4b8fb0/1 .event posedge, v000001f0cb6333a0_0;
E_000001f0cb4b8fb0 .event/or E_000001f0cb4b8fb0/0, E_000001f0cb4b8fb0/1;
    .scope S_000001f0cb4bc4d0;
T_0 ;
    %wait E_000001f0cb4b8fb0;
    %load/vec4 v000001f0cb4bc7a0_0;
    %cmpi/e 0, 0, 1;
    %jmp/0xz  T_0.0, 4;
    %pushi/vec4 0, 0, 4;
    %assign/vec4 v000001f0cb4bc700_0, 0;
    %jmp T_0.1;
T_0.0 ;
    %load/vec4 v000001f0cb4bc660_0;
    %cmpi/e 1, 0, 1;
    %jmp/0xz  T_0.2, 4;
    %load/vec4 v000001f0cb4bc700_0;
    %subi 1, 0, 4;
    %assign/vec4 v000001f0cb4bc700_0, 0;
    %jmp T_0.3;
T_0.2 ;
    %load/vec4 v000001f0cb4bc700_0;
    %cmpi/e 15, 0, 4;
    %jmp/0xz  T_0.4, 4;
    %load/vec4 v000001f0cb4bc700_0;
    %assign/vec4 v000001f0cb4bc700_0, 0;
    %jmp T_0.5;
T_0.4 ;
    %load/vec4 v000001f0cb4bc700_0;
    %addi 1, 0, 4;
    %assign/vec4 v000001f0cb4bc700_0, 0;
T_0.5 ;
T_0.3 ;
T_0.1 ;
    %jmp T_0;
    .thread T_0;
    .scope S_000001f0cb4bb990;
T_1 ;
    %pushi/vec4 0, 0, 1;
    %store/vec4 v000001f0cb4bc840_0, 0, 1;
T_1.0 ;
    %delay 100, 0;
    %load/vec4 v000001f0cb4bc840_0;
    %inv;
    %store/vec4 v000001f0cb4bc840_0, 0, 1;
    %jmp T_1.0;
    %end;
    .thread T_1;
    .scope S_000001f0cb4bb990;
T_2 ;
    %vpi_call 2 29 "$dumpfile", "contador_hex.vcd" {0 0 0};
    %vpi_call 2 30 "$dumpvars", 32'sb00000000000000000000000000000000, S_000001f0cb4bb990 {0 0 0};
    %pushi/vec4 0, 0, 1;
    %store/vec4 v000001f0cb632e60_0, 0, 1;
    %pushi/vec4 0, 0, 1;
    %store/vec4 v000001f0cb632d20_0, 0, 1;
    %delay 50, 0;
    %pushi/vec4 1, 0, 1;
    %store/vec4 v000001f0cb632e60_0, 0, 1;
    %delay 3100, 0;
    %delay 800, 0;
    %pushi/vec4 0, 0, 1;
    %store/vec4 v000001f0cb632e60_0, 0, 1;
    %delay 50, 0;
    %pushi/vec4 1, 0, 1;
    %store/vec4 v000001f0cb632e60_0, 0, 1;
    %delay 600, 0;
    %pushi/vec4 1, 0, 1;
    %store/vec4 v000001f0cb632d20_0, 0, 1;
    %delay 600, 0;
    %vpi_call 2 54 "$finish" {0 0 0};
    %end;
    .thread T_2;
    .scope S_000001f0cb4bb990;
T_3 ;
    %vpi_call 2 58 "$monitor", "Tempo=%4d | RST_n=%b | Dir=%b | Q=%h", $time, v000001f0cb632e60_0, v000001f0cb632d20_0, v000001f0cb632dc0_0 {0 0 0};
    %end;
    .thread T_3;
# The file index is used to find the file name in the following table.
:file_names 4;
    "N/A";
    "<interactive>";
    "contador_hex_tb.v";
    "./contador_hex.v";
