#! /c/Source/iverilog-install/bin/vvp
:ivl_version "12.0 (devel)" "(s20150603-1539-g2693dd32b)";
:ivl_delay_selection "TYPICAL";
:vpi_time_precision + 0;
:vpi_module "C:\iverilog\lib\ivl\system.vpi";
:vpi_module "C:\iverilog\lib\ivl\vhdl_sys.vpi";
:vpi_module "C:\iverilog\lib\ivl\vhdl_textio.vpi";
:vpi_module "C:\iverilog\lib\ivl\v2005_math.vpi";
:vpi_module "C:\iverilog\lib\ivl\va_math.vpi";
S_00000192efd42df0 .scope module, "contador_hex" "contador_hex" 2 2;
 .timescale 0 0;
    .port_info 0 /INPUT 1 "clk";
    .port_info 1 /INPUT 1 "rst_n";
    .port_info 2 /INPUT 1 "direction";
    .port_info 3 /OUTPUT 4 "q";
o00000192efd76fd8 .functor BUFZ 1, C4<z>; HiZ drive
v00000192efd43340_0 .net "clk", 0 0, o00000192efd76fd8;  0 drivers
o00000192efd77008 .functor BUFZ 1, C4<z>; HiZ drive
v00000192efd42f80_0 .net "direction", 0 0, o00000192efd77008;  0 drivers
v00000192efd43020_0 .var "q", 3 0;
o00000192efd77068 .functor BUFZ 1, C4<z>; HiZ drive
v00000192efd430c0_0 .net "rst_n", 0 0, o00000192efd77068;  0 drivers
E_00000192efeed7a0/0 .event negedge, v00000192efd430c0_0;
E_00000192efeed7a0/1 .event posedge, v00000192efd43340_0;
E_00000192efeed7a0 .event/or E_00000192efeed7a0/0, E_00000192efeed7a0/1;
    .scope S_00000192efd42df0;
T_0 ;
    %wait E_00000192efeed7a0;
    %load/vec4 v00000192efd430c0_0;
    %cmpi/e 0, 0, 1;
    %jmp/0xz  T_0.0, 4;
    %pushi/vec4 0, 0, 4;
    %assign/vec4 v00000192efd43020_0, 0;
    %jmp T_0.1;
T_0.0 ;
    %load/vec4 v00000192efd42f80_0;
    %cmpi/e 1, 0, 1;
    %jmp/0xz  T_0.2, 4;
    %load/vec4 v00000192efd43020_0;
    %subi 1, 0, 4;
    %assign/vec4 v00000192efd43020_0, 0;
    %jmp T_0.3;
T_0.2 ;
    %load/vec4 v00000192efd43020_0;
    %cmpi/e 15, 0, 4;
    %jmp/0xz  T_0.4, 4;
    %load/vec4 v00000192efd43020_0;
    %assign/vec4 v00000192efd43020_0, 0;
    %jmp T_0.5;
T_0.4 ;
    %load/vec4 v00000192efd43020_0;
    %addi 1, 0, 4;
    %assign/vec4 v00000192efd43020_0, 0;
T_0.5 ;
T_0.3 ;
T_0.1 ;
    %jmp T_0;
    .thread T_0;
# The file index is used to find the file name in the following table.
:file_names 3;
    "N/A";
    "<interactive>";
    "contador_hex.v";
